
{
  message: 'Зашли',
  level: 'error',
  timestamp: '2024-01-30T17:36:31.380Z'
}
{
  message: 'Зашли на главную страницу',
  level: 'info',
  timestamp: '2024-02-23T19:42:55.214Z'
}
{
  message: 'Зашли',
  level: 'error',
  timestamp: '2024-02-23T19:42:57.696Z'
}
{
  message: 'Token login  transferred successfully',
  level: 'info',
  timestamp: '2024-02-23T19:43:06.683Z'
}
{
  message: 'Зашли на главную страницу',
  level: 'info',
  timestamp: '2024-02-23T19:43:06.704Z'
}
{
  message: 'Зашли на главную страницу',
  level: 'info',
  timestamp: '2024-02-23T19:46:57.994Z'
}
{
  message: 'Зашли',
  level: 'error',
  timestamp: '2024-02-23T19:47:00.379Z'
}
{
  message: 'Token login  transferred successfully',
  level: 'info',
  timestamp: '2024-02-23T19:47:34.925Z'
}
{
  message: 'Зашли на главную страницу',
  level: 'info',
  timestamp: '2024-02-23T19:47:34.942Z'
}
{
  message: 'Зашли на главную страницу',
  level: 'info',
  timestamp: '2024-02-23T19:48:04.712Z'
}
{
  message: 'Зашли',
  level: 'error',
  timestamp: '2024-02-23T19:48:06.635Z'
}
{
  message: 'Token login  transferred successfully',
  level: 'info',
  timestamp: '2024-02-23T19:49:00.343Z'
}
{
  message: 'Зашли на главную страницу',
  level: 'info',
  timestamp: '2024-02-23T19:49:00.364Z'
}
{
  message: 'Зашли на главную страницу',
  level: 'info',
  timestamp: '2024-02-23T19:49:47.317Z'
}
{
  message: 'Зашли',
  level: 'error',
  timestamp: '2024-02-23T19:49:48.303Z'
}
{
  message: 'Зашли на главную страницу',
  level: 'info',
  timestamp: '2024-02-23T19:57:24.385Z'
}
{
  message: 'Зашли',
  level: 'error',
  timestamp: '2024-02-23T19:57:25.608Z'
}
{
  message: 'Token login  transferred successfully',
  level: 'info',
  timestamp: '2024-02-23T19:57:59.790Z'
}
{
  message: 'Зашли на главную страницу',
  level: 'info',
  timestamp: '2024-02-23T19:57:59.805Z'
}
{
  message: 'Token login [object Object] transferred successfully',
  level: 'info',
  timestamp: '2024-02-23T20:12:02.653Z'
}
{
  message: 'Зашли на главную страницу',
  level: 'info',
  timestamp: '2024-02-23T20:12:02.683Z'
}
{
  message: 'Зашли на главную страницу',
  level: 'info',
  timestamp: '2024-02-23T20:20:31.566Z'
}
{
  message: 'Зашли',
  level: 'error',
  timestamp: '2024-02-23T20:20:33.631Z'
}
{
  message: 'Token login [object Object] transferred successfully',
  level: 'info',
  timestamp: '2024-02-23T20:20:41.559Z'
}
{
  message: 'Зашли на главную страницу',
  level: 'info',
  timestamp: '2024-02-23T20:20:41.576Z'
}
{
  message: 'Зашли на главную страницу',
  level: 'info',
  timestamp: '2024-02-23T20:22:22.502Z'
}
{
  message: 'Зашли',
  level: 'error',
  timestamp: '2024-02-23T20:22:23.879Z'
}
{
  message: 'Token login [object Object] transferred successfully',
  level: 'info',
  timestamp: '2024-02-23T20:22:30.428Z'
}
{
  message: 'Зашли на главную страницу',
  level: 'info',
  timestamp: '2024-02-23T20:22:30.461Z'
}
{
  message: 'Зашли на главную страницу',
  level: 'info',
  timestamp: '2024-02-23T20:22:34.264Z'
}
{
  message: 'Зашли на главную страницу',
  level: 'info',
  timestamp: '2024-02-26T08:12:09.149Z'
}
{
  message: 'Зашли на главную страницу',
  level: 'info',
  timestamp: '2024-02-26T08:12:15.076Z'
}
{
  message: 'Зашли на главную страницу',
  level: 'info',
  timestamp: '2024-02-26T08:14:20.906Z'
}
{
  message: 'Зашли',
  level: 'error',
  timestamp: '2024-02-26T08:14:23.544Z'
}
{
  message: 'Token login  transferred successfully',
  level: 'info',
  timestamp: '2024-02-26T08:14:32.967Z'
}
{
  message: 'Зашли на главную страницу',
  level: 'info',
  timestamp: '2024-02-26T08:14:32.996Z'
}
{
  message: 'Зашли на главную страницу',
  level: 'info',
  timestamp: '2024-02-26T08:19:49.445Z'
}
{
  message: 'Зашли',
  level: 'error',
  timestamp: '2024-02-26T08:20:59.067Z'
}
{
  message: 'Token login  transferred successfully',
  level: 'info',
  timestamp: '2024-02-26T08:23:11.970Z'
}
{
  message: 'Зашли на главную страницу',
  level: 'info',
  timestamp: '2024-02-26T08:23:11.986Z'
}
{
  message: 'Зашли на главную страницу',
  level: 'info',
  timestamp: '2024-02-26T08:44:56.507Z'
}
{
  message: 'Зашли',
  level: 'error',
  timestamp: '2024-02-26T08:48:11.458Z'
}
{
  message: 'Token login  transferred successfully',
  level: 'info',
  timestamp: '2024-02-26T08:48:31.972Z'
}
{
  message: 'Зашли на главную страницу',
  level: 'info',
  timestamp: '2024-02-26T08:48:32.008Z'
}
{
  message: 'Зашли на главную страницу',
  level: 'info',
  timestamp: '2024-02-26T08:48:47.391Z'
}
{
  message: 'Зашли на главную страницу',
  level: 'info',
  timestamp: '2024-03-12T06:24:41.405Z'
}
{
  message: 'Зашли',
  level: 'error',
  timestamp: '2024-03-12T06:26:24.181Z'
}
{
  message: 'Token login  transferred successfully',
  level: 'info',
  timestamp: '2024-03-12T06:28:27.721Z'
}
{
  message: 'Зашли на главную страницу',
  level: 'info',
  timestamp: '2024-03-12T06:28:27.736Z'
}
{
  message: 'Зашли на главную страницу',
  level: 'info',
  timestamp: '2024-03-12T06:28:39.202Z'
}
{
  message: 'Зашли',
  level: 'error',
  timestamp: '2024-03-12T06:28:41.022Z'
}
{
  message: 'Получили профиль от Yandex ДенисПискаев',
  level: 'info',
  timestamp: '2024-03-12T06:28:45.267Z'
}
{
  message: 'Зашли на главную страницу',
  level: 'info',
  timestamp: '2024-03-12T06:28:45.286Z'
}
{
  message: 'Зашли на главную страницу',
  level: 'info',
  timestamp: '2024-03-12T06:35:45.532Z'
}
{
  message: 'Зашли',
  level: 'error',
  timestamp: '2024-03-12T06:36:07.575Z'
}
{
  message: 'Получили профиль от Yandex ДенисПискаев',
  level: 'info',
  timestamp: '2024-03-12T06:36:10.932Z'
}
{
  message: 'Зашли на главную страницу',
  level: 'info',
  timestamp: '2024-03-12T06:36:10.965Z'
}
{
  message: 'Зашли на главную страницу',
  level: 'info',
  timestamp: '2024-03-12T06:36:59.578Z'
}
{
  message: 'Зашли',
  level: 'error',
  timestamp: '2024-03-12T06:37:05.504Z'
}
{
  message: 'Получили профиль от Yandex ДенисПискаев',
  level: 'info',
  timestamp: '2024-03-12T06:37:06.982Z'
}
{
  message: 'Зашли на главную страницу',
  level: 'info',
  timestamp: '2024-03-12T06:37:07.004Z'
}
{
  message: 'Зашли на главную страницу',
  level: 'info',
  timestamp: '2024-03-12T06:38:51.176Z'
}
{
  message: 'Зашли',
  level: 'error',
  timestamp: '2024-03-12T06:38:52.614Z'
}
{
  message: 'Зашли на главную страницу',
  level: 'info',
  timestamp: '2024-03-12T08:39:06.782Z'
}
{
  message: 'Зашли',
  level: 'error',
  timestamp: '2024-03-12T08:39:11.823Z'
}
{
  message: 'Получили профиль от Google ПискаевДенис',
  level: 'info',
  timestamp: '2024-03-12T08:42:07.614Z'
}
{
  message: 'Зашли на главную страницу',
  level: 'info',
  timestamp: '2024-03-12T08:42:07.637Z'
}
{
  message: 'Зашли на главную страницу',
  level: 'info',
  timestamp: '2024-03-12T08:42:26.023Z'
}
{
  message: 'Зашли',
  level: 'error',
  timestamp: '2024-03-12T08:42:27.997Z'
}
{
  message: 'Token login  transferred successfully',
  level: 'info',
  timestamp: '2024-03-12T08:42:32.802Z'
}
{
  message: 'Зашли на главную страницу',
  level: 'info',
  timestamp: '2024-03-12T08:42:32.831Z'
}
{
  message: 'Зашли',
  level: 'error',
  timestamp: '2024-03-12T08:42:36.453Z'
}
{
  message: 'Token login  transferred successfully',
  level: 'info',
  timestamp: '2024-03-12T08:42:41.417Z'
}
{
  message: 'Зашли на главную страницу',
  level: 'info',
  timestamp: '2024-03-12T08:42:41.436Z'
}
{
  message: 'Зашли на главную страницу',
  level: 'info',
  timestamp: '2024-03-12T08:42:44.468Z'
}
{
  message: 'Зашли',
  level: 'error',
  timestamp: '2024-03-12T08:42:45.259Z'
}
{
  message: 'Получили профиль от Yandex ДенисПискаев',
  level: 'info',
  timestamp: '2024-03-12T08:42:47.238Z'
}
{
  message: 'Зашли на главную страницу',
  level: 'info',
  timestamp: '2024-03-12T08:42:47.253Z'
}
{
  message: 'Зашли на главную страницу',
  level: 'info',
  timestamp: '2024-03-12T08:42:49.355Z'
}
{
  message: 'Зашли',
  level: 'error',
  timestamp: '2024-03-12T08:42:50.318Z'
}
{
  message: 'Получили профиль от Google ПискаевДенис',
  level: 'info',
  timestamp: '2024-03-12T08:42:56.490Z'
}
{
  message: 'Зашли на главную страницу',
  level: 'info',
  timestamp: '2024-03-12T08:42:56.511Z'
}
{
  message: 'Зашли на страницу создания постов',
  level: 'warn',
  timestamp: '2024-03-12T08:43:07.391Z'
}
{
  message: 'создан пост Денис Пискаев',
  level: 'warn',
  timestamp: '2024-03-12T08:43:18.602Z'
}
{
  message: 'Зашли на главную страницу',
  level: 'info',
  timestamp: '2024-03-12T08:43:18.618Z'
}
{
  message: 'Executing (default): DROP TABLE IF EXISTS `users`;',
  level: 'info',
  timestamp: '2024-03-26T08:56:09.498Z'
}
{
  message: 'Executing (default): DROP TABLE IF EXISTS `entries`;',
  level: 'info',
  timestamp: '2024-03-26T08:56:09.509Z'
}
{
  message: 'Executing (default): PRAGMA foreign_keys = OFF',
  level: 'info',
  timestamp: '2024-03-26T08:56:09.513Z'
}
{
  message: 'Executing (default): DROP TABLE IF EXISTS `entries`;',
  level: 'info',
  timestamp: '2024-03-26T08:56:09.514Z'
}
{
  message: 'Executing (default): DROP TABLE IF EXISTS `users`;',
  level: 'info',
  timestamp: '2024-03-26T08:56:09.516Z'
}
{
  message: 'Executing (default): PRAGMA foreign_keys = ON',
  level: 'info',
  timestamp: '2024-03-26T08:56:09.520Z'
}
{
  message: 'Executing (default): DROP TABLE IF EXISTS `entries`;',
  level: 'info',
  timestamp: '2024-03-26T08:56:09.522Z'
}
{
  message: 'Executing (default): CREATE TABLE IF NOT EXISTS `entries` (`id` INTEGER PRIMARY KEY AUTOINCREMENT, `username` VARCHAR(255), `title` VARCHAR(255), `content` VARCHAR(255));',
  level: 'info',
  timestamp: '2024-03-26T08:56:09.524Z'
}
{
  message: 'Executing (default): PRAGMA INDEX_LIST(`entries`)',
  level: 'info',
  timestamp: '2024-03-26T08:56:09.529Z'
}
{
  message: 'Executing (default): DROP TABLE IF EXISTS `users`;',
  level: 'info',
  timestamp: '2024-03-26T08:56:09.531Z'
}
{
  message: 'Executing (default): CREATE TABLE IF NOT EXISTS `users` (`id` INTEGER PRIMARY KEY AUTOINCREMENT, `name` VARCHAR(255), `email` VARCHAR(255), `password` VARCHAR(255), `age` INTEGER);',
  level: 'info',
  timestamp: '2024-03-26T08:56:09.533Z'
}
{
  message: 'Executing (default): PRAGMA INDEX_LIST(`users`)',
  level: 'info',
  timestamp: '2024-03-26T08:56:09.541Z'
}
{
  message: 'Executing (default): SELECT `id`, `username`, `title`, `content` FROM `entries` AS `entries`;',
  level: 'info',
  timestamp: '2024-03-26T08:56:37.803Z'
}
{
  message: 'Зашли на главную страницу',
  level: 'info',
  timestamp: '2024-03-26T08:56:37.851Z'
}
{
  message: 'Зашли',
  level: 'error',
  timestamp: '2024-03-26T08:57:56.172Z'
}
{
  message: "Executing (default): SELECT `id`, `name`, `email`, `password`, `age` FROM `users` AS `users` WHERE `users`.`email` = 'liza@' LIMIT 1;",
  level: 'info',
  timestamp: '2024-03-26T08:58:01.340Z'
}
{
  message: 'Зашли',
  level: 'error',
  timestamp: '2024-03-26T08:58:01.358Z'
}
{
  message: 'Executing (default): DROP TABLE IF EXISTS `users`;',
  level: 'info',
  timestamp: '2024-04-02T07:33:18.577Z'
}
{
  message: 'Executing (default): DROP TABLE IF EXISTS `entries`;',
  level: 'info',
  timestamp: '2024-04-02T07:33:18.589Z'
}
{
  message: 'Executing (default): PRAGMA foreign_keys = OFF',
  level: 'info',
  timestamp: '2024-04-02T07:33:18.595Z'
}
{
  message: 'Executing (default): DROP TABLE IF EXISTS `entries`;',
  level: 'info',
  timestamp: '2024-04-02T07:33:18.598Z'
}
{
  message: 'Executing (default): DROP TABLE IF EXISTS `users`;',
  level: 'info',
  timestamp: '2024-04-02T07:33:18.601Z'
}
{
  message: 'Executing (default): PRAGMA foreign_keys = ON',
  level: 'info',
  timestamp: '2024-04-02T07:33:18.606Z'
}
{
  message: 'Executing (default): DROP TABLE IF EXISTS `entries`;',
  level: 'info',
  timestamp: '2024-04-02T07:33:18.610Z'
}
{
  message: 'Executing (default): CREATE TABLE IF NOT EXISTS `entries` (`id` INTEGER PRIMARY KEY AUTOINCREMENT, `username` VARCHAR(255), `title` VARCHAR(255), `content` VARCHAR(255));',
  level: 'info',
  timestamp: '2024-04-02T07:33:18.614Z'
}
{
  message: 'Executing (default): PRAGMA INDEX_LIST(`entries`)',
  level: 'info',
  timestamp: '2024-04-02T07:33:18.621Z'
}
{
  message: 'Executing (default): DROP TABLE IF EXISTS `users`;',
  level: 'info',
  timestamp: '2024-04-02T07:33:18.625Z'
}
{
  message: 'Executing (default): CREATE TABLE IF NOT EXISTS `users` (`id` INTEGER PRIMARY KEY AUTOINCREMENT, `name` VARCHAR(255), `email` VARCHAR(255), `password` VARCHAR(255), `age` INTEGER);',
  level: 'info',
  timestamp: '2024-04-02T07:33:18.627Z'
}
{
  message: 'Executing (default): PRAGMA INDEX_LIST(`users`)',
  level: 'info',
  timestamp: '2024-04-02T07:33:18.636Z'
}
{
  message: 'Executing (default): SELECT `id`, `username`, `title`, `content` FROM `entries` AS `entries`;',
  level: 'info',
  timestamp: '2024-04-02T07:35:33.401Z'
}
{
  message: 'Зашли на главную страницу',
  level: 'info',
  timestamp: '2024-04-02T07:35:33.444Z'
}
{
  message: "Executing (default): SELECT `id`, `name`, `email`, `password`, `age` FROM `users` AS `users` WHERE `users`.`email` = 'assa@ds.qw' LIMIT 1;",
  level: 'info',
  timestamp: '2024-04-02T07:36:08.110Z'
}
{
  message: 'Executing (default): DROP TABLE IF EXISTS `users`;',
  level: 'info',
  timestamp: '2024-04-02T07:49:25.081Z'
}
{
  message: 'Executing (default): DROP TABLE IF EXISTS `entries`;',
  level: 'info',
  timestamp: '2024-04-02T07:49:25.091Z'
}
{
  message: 'Executing (default): PRAGMA foreign_keys = OFF',
  level: 'info',
  timestamp: '2024-04-02T07:49:25.095Z'
}
{
  message: 'Executing (default): DROP TABLE IF EXISTS `entries`;',
  level: 'info',
  timestamp: '2024-04-02T07:49:25.096Z'
}
{
  message: 'Executing (default): DROP TABLE IF EXISTS `users`;',
  level: 'info',
  timestamp: '2024-04-02T07:49:25.097Z'
}
{
  message: 'Executing (default): PRAGMA foreign_keys = ON',
  level: 'info',
  timestamp: '2024-04-02T07:49:25.098Z'
}
{
  message: 'Executing (default): DROP TABLE IF EXISTS `entries`;',
  level: 'info',
  timestamp: '2024-04-02T07:49:25.100Z'
}
{
  message: 'Executing (default): CREATE TABLE IF NOT EXISTS `entries` (`id` INTEGER PRIMARY KEY AUTOINCREMENT, `username` VARCHAR(255), `title` VARCHAR(255), `content` VARCHAR(255));',
  level: 'info',
  timestamp: '2024-04-02T07:49:25.103Z'
}
{
  message: 'Executing (default): PRAGMA INDEX_LIST(`entries`)',
  level: 'info',
  timestamp: '2024-04-02T07:49:25.108Z'
}
{
  message: 'Executing (default): DROP TABLE IF EXISTS `users`;',
  level: 'info',
  timestamp: '2024-04-02T07:49:25.113Z'
}
{
  message: 'Executing (default): CREATE TABLE IF NOT EXISTS `users` (`id` INTEGER PRIMARY KEY AUTOINCREMENT, `name` VARCHAR(255), `email` VARCHAR(255), `password` VARCHAR(255), `age` INTEGER);',
  level: 'info',
  timestamp: '2024-04-02T07:49:25.118Z'
}
{
  message: 'Executing (default): PRAGMA INDEX_LIST(`users`)',
  level: 'info',
  timestamp: '2024-04-02T07:49:25.125Z'
}
{
  message: 'Executing (default): SELECT `id`, `username`, `title`, `content` FROM `entries` AS `entries`;',
  level: 'info',
  timestamp: '2024-04-02T07:49:33.578Z'
}
{
  message: 'Зашли на главную страницу',
  level: 'info',
  timestamp: '2024-04-02T07:49:33.590Z'
}
{
  message: "Executing (default): SELECT `id`, `name`, `email`, `password`, `age` FROM `users` AS `users` WHERE `users`.`email` = 'assa@ds.qw' LIMIT 1;",
  level: 'info',
  timestamp: '2024-04-02T07:49:55.262Z'
}
{
  message: 'Executing (default): DROP TABLE IF EXISTS `users`;',
  level: 'info',
  timestamp: '2024-04-02T07:50:51.132Z'
}
{
  message: 'Executing (default): DROP TABLE IF EXISTS `entries`;',
  level: 'info',
  timestamp: '2024-04-02T07:50:51.142Z'
}
{
  message: 'Executing (default): PRAGMA foreign_keys = OFF',
  level: 'info',
  timestamp: '2024-04-02T07:50:51.146Z'
}
{
  message: 'Executing (default): DROP TABLE IF EXISTS `entries`;',
  level: 'info',
  timestamp: '2024-04-02T07:50:51.147Z'
}
{
  message: 'Executing (default): DROP TABLE IF EXISTS `users`;',
  level: 'info',
  timestamp: '2024-04-02T07:50:51.149Z'
}
{
  message: 'Executing (default): PRAGMA foreign_keys = ON',
  level: 'info',
  timestamp: '2024-04-02T07:50:51.151Z'
}
{
  message: 'Executing (default): DROP TABLE IF EXISTS `entries`;',
  level: 'info',
  timestamp: '2024-04-02T07:50:51.153Z'
}
{
  message: 'Executing (default): CREATE TABLE IF NOT EXISTS `entries` (`id` INTEGER PRIMARY KEY AUTOINCREMENT, `username` VARCHAR(255), `title` VARCHAR(255), `content` VARCHAR(255));',
  level: 'info',
  timestamp: '2024-04-02T07:50:51.155Z'
}
{
  message: 'Executing (default): PRAGMA INDEX_LIST(`entries`)',
  level: 'info',
  timestamp: '2024-04-02T07:50:51.161Z'
}
{
  message: 'Executing (default): DROP TABLE IF EXISTS `users`;',
  level: 'info',
  timestamp: '2024-04-02T07:50:51.165Z'
}
{
  message: 'Executing (default): CREATE TABLE IF NOT EXISTS `users` (`id` INTEGER PRIMARY KEY AUTOINCREMENT, `name` VARCHAR(255), `email` VARCHAR(255), `password` VARCHAR(255), `age` INTEGER);',
  level: 'info',
  timestamp: '2024-04-02T07:50:51.167Z'
}
{
  message: 'Executing (default): PRAGMA INDEX_LIST(`users`)',
  level: 'info',
  timestamp: '2024-04-02T07:50:51.172Z'
}
{
  message: "Executing (default): SELECT `id`, `name`, `email`, `password`, `age` FROM `users` AS `users` WHERE `users`.`email` = 'assa@ds.qw' LIMIT 1;",
  level: 'info',
  timestamp: '2024-04-02T07:50:51.282Z'
}
{
  message: 'Executing (default): INSERT INTO `users` (`id`,`name`,`email`,`password`,`age`) VALUES (NULL,$1,$2,$3,$4);',
  level: 'info',
  timestamp: '2024-04-02T07:50:51.346Z'
}
{
  message: "Executing (default): SELECT `id`, `name`, `email`, `password`, `age` FROM `users` AS `users` WHERE `users`.`email` = 'assa@ds.qw' LIMIT 1;",
  level: 'info',
  timestamp: '2024-04-02T07:50:51.375Z'
}
{
  message: 'Executing (default): SELECT `id`, `username`, `title`, `content` FROM `entries` AS `entries`;',
  level: 'info',
  timestamp: '2024-04-02T07:50:51.377Z'
}
{
  message: 'Зашли на главную страницу',
  level: 'info',
  timestamp: '2024-04-02T07:50:51.387Z'
}
{
  message: 'Executing (default): DROP TABLE IF EXISTS `users`;',
  level: 'info',
  timestamp: '2024-04-02T07:51:04.128Z'
}
{
  message: 'Executing (default): DROP TABLE IF EXISTS `entries`;',
  level: 'info',
  timestamp: '2024-04-02T07:51:04.137Z'
}
{
  message: 'Executing (default): PRAGMA foreign_keys = OFF',
  level: 'info',
  timestamp: '2024-04-02T07:51:04.141Z'
}
{
  message: 'Executing (default): DROP TABLE IF EXISTS `entries`;',
  level: 'info',
  timestamp: '2024-04-02T07:51:04.142Z'
}
{
  message: 'Executing (default): DROP TABLE IF EXISTS `users`;',
  level: 'info',
  timestamp: '2024-04-02T07:51:04.143Z'
}
{
  message: 'Executing (default): PRAGMA foreign_keys = ON',
  level: 'info',
  timestamp: '2024-04-02T07:51:04.145Z'
}
{
  message: 'Executing (default): DROP TABLE IF EXISTS `entries`;',
  level: 'info',
  timestamp: '2024-04-02T07:51:04.147Z'
}
{
  message: 'Executing (default): CREATE TABLE IF NOT EXISTS `entries` (`id` INTEGER PRIMARY KEY AUTOINCREMENT, `username` VARCHAR(255), `title` VARCHAR(255), `content` VARCHAR(255));',
  level: 'info',
  timestamp: '2024-04-02T07:51:04.151Z'
}
{
  message: 'Executing (default): PRAGMA INDEX_LIST(`entries`)',
  level: 'info',
  timestamp: '2024-04-02T07:51:04.159Z'
}
{
  message: 'Executing (default): DROP TABLE IF EXISTS `users`;',
  level: 'info',
  timestamp: '2024-04-02T07:51:04.160Z'
}
{
  message: 'Executing (default): CREATE TABLE IF NOT EXISTS `users` (`id` INTEGER PRIMARY KEY AUTOINCREMENT, `name` VARCHAR(255), `email` VARCHAR(255), `password` VARCHAR(255), `age` INTEGER);',
  level: 'info',
  timestamp: '2024-04-02T07:51:04.163Z'
}
{
  message: 'Executing (default): PRAGMA INDEX_LIST(`users`)',
  level: 'info',
  timestamp: '2024-04-02T07:51:04.172Z'
}
{
  message: 'Работает клиент от Yandex',
  level: 'info',
  timestamp: '2024-04-02T07:51:13.366Z'
}
{
  message: 'Зашли',
  level: 'error',
  timestamp: '2024-04-02T07:51:13.418Z'
}
{
  message: "Executing (default): SELECT `id`, `name`, `email`, `password`, `age` FROM `users` AS `users` WHERE `users`.`email` = 'sas' LIMIT 1;",
  level: 'info',
  timestamp: '2024-04-02T07:51:29.080Z'
}
{
  message: 'Зашли',
  level: 'error',
  timestamp: '2024-04-02T07:51:29.104Z'
}
{
  message: "Executing (default): SELECT name FROM sqlite_master WHERE type='table' AND name='entries';",
  level: 'info',
  timestamp: '2024-04-02T07:54:11.209Z'
}
{
  message: 'Executing (default): PRAGMA INDEX_LIST(`entries`)',
  level: 'info',
  timestamp: '2024-04-02T07:54:11.215Z'
}
{
  message: "Executing (default): SELECT name FROM sqlite_master WHERE type='table' AND name='users';",
  level: 'info',
  timestamp: '2024-04-02T07:54:11.216Z'
}
{
  message: 'Executing (default): PRAGMA INDEX_LIST(`users`)',
  level: 'info',
  timestamp: '2024-04-02T07:54:11.217Z'
}
{
  message: "Executing (default): SELECT name FROM sqlite_master WHERE type='table' AND name='entries';",
  level: 'info',
  timestamp: '2024-04-02T07:54:24.730Z'
}
{
  message: 'Executing (default): PRAGMA INDEX_LIST(`entries`)',
  level: 'info',
  timestamp: '2024-04-02T07:54:24.737Z'
}
{
  message: "Executing (default): SELECT name FROM sqlite_master WHERE type='table' AND name='users';",
  level: 'info',
  timestamp: '2024-04-02T07:54:24.738Z'
}
{
  message: 'Executing (default): PRAGMA INDEX_LIST(`users`)',
  level: 'info',
  timestamp: '2024-04-02T07:54:24.740Z'
}
{
  message: 'Executing (default): SELECT `id`, `username`, `title`, `content` FROM `entries` AS `entries`;',
  level: 'info',
  timestamp: '2024-04-02T07:54:45.914Z'
}
{
  message: 'Зашли на главную страницу',
  level: 'info',
  timestamp: '2024-04-02T07:54:45.930Z'
}
{
  message: 'Зашли',
  level: 'error',
  timestamp: '2024-04-02T07:54:53.960Z'
}
{
  message: "Executing (default): SELECT `id`, `name`, `email`, `password`, `age` FROM `users` AS `users` WHERE `users`.`email` = 'liza@' LIMIT 1;",
  level: 'info',
  timestamp: '2024-04-02T07:54:59.212Z'
}
{
  message: 'Token login  transferred successfully',
  level: 'info',
  timestamp: '2024-04-02T07:54:59.276Z'
}
{
  message: "Executing (default): SELECT `id`, `name`, `email`, `password`, `age` FROM `users` AS `users` WHERE `users`.`email` = 'liza@' LIMIT 1;",
  level: 'info',
  timestamp: '2024-04-02T07:54:59.290Z'
}
{
  message: 'Executing (default): SELECT `id`, `username`, `title`, `content` FROM `entries` AS `entries`;',
  level: 'info',
  timestamp: '2024-04-02T07:54:59.292Z'
}
{
  message: 'Зашли на главную страницу',
  level: 'info',
  timestamp: '2024-04-02T07:54:59.295Z'
}
{
  message: "Executing (default): SELECT `id`, `name`, `email`, `password`, `age` FROM `users` AS `users` WHERE `users`.`email` = 'liza@' LIMIT 1;",
  level: 'info',
  timestamp: '2024-04-02T07:55:05.189Z'
}
{
  message: 'Executing (default): SELECT `id`, `username`, `title`, `content` FROM `entries` AS `entries`;',
  level: 'info',
  timestamp: '2024-04-02T07:55:05.212Z'
}
{
  message: 'Зашли на главную страницу',
  level: 'info',
  timestamp: '2024-04-02T07:55:05.215Z'
}
{
  message: 'Зашли',
  level: 'error',
  timestamp: '2024-04-02T07:55:07.246Z'
}
{
  message: 'Получили профиль от Yandex ДенисПискаев',
  level: 'info',
  timestamp: '2024-04-02T07:55:10.124Z'
}
{
  message: 'Executing (default): SELECT `id`, `username`, `title`, `content` FROM `entries` AS `entries`;',
  level: 'info',
  timestamp: '2024-04-02T07:55:10.162Z'
}
{
  message: 'Зашли на главную страницу',
  level: 'info',
  timestamp: '2024-04-02T07:55:10.166Z'
}
{
  message: 'Executing (default): SELECT `id`, `username`, `title`, `content` FROM `entries` AS `entries`;',
  level: 'info',
  timestamp: '2024-04-02T07:55:12.182Z'
}
{
  message: 'Зашли на главную страницу',
  level: 'info',
  timestamp: '2024-04-02T07:55:12.186Z'
}
{
  message: 'Зашли',
  level: 'error',
  timestamp: '2024-04-02T07:55:13.189Z'
}
{
  message: 'Получили профиль от Google ПискаевДенис',
  level: 'info',
  timestamp: '2024-04-02T07:55:41.143Z'
}
{
  message: 'Executing (default): SELECT `id`, `username`, `title`, `content` FROM `entries` AS `entries`;',
  level: 'info',
  timestamp: '2024-04-02T07:55:41.161Z'
}
{
  message: 'Зашли на главную страницу',
  level: 'info',
  timestamp: '2024-04-02T07:55:41.171Z'
}
{
  message: 'Зашли на страницу создания постов',
  level: 'warn',
  timestamp: '2024-04-02T07:55:50.822Z'
}
{
  message: 'создан пост Денис Пискаев',
  level: 'warn',
  timestamp: '2024-04-02T07:55:57.902Z'
}
{
  message: 'Executing (default): INSERT INTO `entries` (`id`,`username`,`title`,`content`) VALUES (NULL,$1,$2,$3);',
  level: 'info',
  timestamp: '2024-04-02T07:55:57.905Z'
}
{
  message: 'Executing (default): SELECT `id`, `username`, `title`, `content` FROM `entries` AS `entries`;',
  level: 'info',
  timestamp: '2024-04-02T07:55:57.935Z'
}
{
  message: 'Зашли на главную страницу',
  level: 'info',
  timestamp: '2024-04-02T07:55:57.939Z'
}
{
  message: "Executing (default): SELECT name FROM sqlite_master WHERE type='table' AND name='entries';",
  level: 'info',
  timestamp: '2024-04-02T08:39:59.622Z'
}
{
  message: 'Executing (default): PRAGMA INDEX_LIST(`entries`)',
  level: 'info',
  timestamp: '2024-04-02T08:39:59.628Z'
}
{
  message: "Executing (default): SELECT name FROM sqlite_master WHERE type='table' AND name='users';",
  level: 'info',
  timestamp: '2024-04-02T08:39:59.632Z'
}
{
  message: 'Executing (default): PRAGMA INDEX_LIST(`users`)',
  level: 'info',
  timestamp: '2024-04-02T08:39:59.633Z'
}
{
  message: 'Executing (default): SELECT `id`, `username`, `title`, `content` FROM `entries` AS `entries`;',
  level: 'info',
  timestamp: '2024-04-02T08:40:02.983Z'
}
{
  message: 'Зашли на главную страницу',
  level: 'info',
  timestamp: '2024-04-02T08:40:03.004Z'
}
{
  message: 'Зашли',
  level: 'info',
  timestamp: '2024-04-02T08:40:05.718Z'
}
{
  message: "Ошибка в модуле авторизации: TypeError: Cannot read properties of undefined (reading 'email')",
  level: 'error',
  timestamp: '2024-04-02T08:40:14.017Z'
}
{
  message: "Executing (default): SELECT name FROM sqlite_master WHERE type='table' AND name='entries';",
  level: 'info',
  timestamp: '2024-04-02T08:40:28.589Z'
}
{
  message: 'Executing (default): PRAGMA INDEX_LIST(`entries`)',
  level: 'info',
  timestamp: '2024-04-02T08:40:28.596Z'
}
{
  message: "Executing (default): SELECT name FROM sqlite_master WHERE type='table' AND name='users';",
  level: 'info',
  timestamp: '2024-04-02T08:40:28.597Z'
}
{
  message: 'Executing (default): PRAGMA INDEX_LIST(`users`)',
  level: 'info',
  timestamp: '2024-04-02T08:40:28.599Z'
}
{
  message: "Ошибка в модуле авторизации: TypeError: Cannot read properties of undefined (reading 'email')",
  level: 'error',
  timestamp: '2024-04-02T08:40:28.790Z'
}
{
  message: "Executing (default): SELECT name FROM sqlite_master WHERE type='table' AND name='entries';",
  level: 'info',
  timestamp: '2024-04-02T08:40:30.794Z'
}
{
  message: 'Executing (default): PRAGMA INDEX_LIST(`entries`)',
  level: 'info',
  timestamp: '2024-04-02T08:40:30.800Z'
}
{
  message: "Executing (default): SELECT name FROM sqlite_master WHERE type='table' AND name='users';",
  level: 'info',
  timestamp: '2024-04-02T08:40:30.801Z'
}
{
  message: 'Executing (default): PRAGMA INDEX_LIST(`users`)',
  level: 'info',
  timestamp: '2024-04-02T08:40:30.803Z'
}
{
  message: "Executing (default): SELECT name FROM sqlite_master WHERE type='table' AND name='entries';",
  level: 'info',
  timestamp: '2024-04-02T08:40:33.507Z'
}
{
  message: 'Executing (default): PRAGMA INDEX_LIST(`entries`)',
  level: 'info',
  timestamp: '2024-04-02T08:40:33.514Z'
}
{
  message: "Executing (default): SELECT name FROM sqlite_master WHERE type='table' AND name='users';",
  level: 'info',
  timestamp: '2024-04-02T08:40:33.515Z'
}
{
  message: 'Executing (default): PRAGMA INDEX_LIST(`users`)',
  level: 'info',
  timestamp: '2024-04-02T08:40:33.516Z'
}
{
  message: "Executing (default): SELECT name FROM sqlite_master WHERE type='table' AND name='entries';",
  level: 'info',
  timestamp: '2024-04-02T08:40:35.061Z'
}
{
  message: 'Executing (default): PRAGMA INDEX_LIST(`entries`)',
  level: 'info',
  timestamp: '2024-04-02T08:40:35.068Z'
}
{
  message: "Executing (default): SELECT name FROM sqlite_master WHERE type='table' AND name='users';",
  level: 'info',
  timestamp: '2024-04-02T08:40:35.069Z'
}
{
  message: 'Executing (default): PRAGMA INDEX_LIST(`users`)',
  level: 'info',
  timestamp: '2024-04-02T08:40:35.070Z'
}
{
  message: "Executing (default): SELECT name FROM sqlite_master WHERE type='table' AND name='entries';",
  level: 'info',
  timestamp: '2024-04-02T08:40:37.039Z'
}
{
  message: 'Executing (default): PRAGMA INDEX_LIST(`entries`)',
  level: 'info',
  timestamp: '2024-04-02T08:40:37.047Z'
}
{
  message: "Executing (default): SELECT name FROM sqlite_master WHERE type='table' AND name='users';",
  level: 'info',
  timestamp: '2024-04-02T08:40:37.048Z'
}
{
  message: 'Executing (default): PRAGMA INDEX_LIST(`users`)',
  level: 'info',
  timestamp: '2024-04-02T08:40:37.050Z'
}
{
  message: 'Зашли',
  level: 'info',
  timestamp: '2024-04-02T08:40:40.224Z'
}
{
  message: 'Ошибка в модуле авторизации: Error: WHERE parameter "email" has invalid "undefined" value',
  level: 'error',
  timestamp: '2024-04-02T08:40:43.100Z'
}
{
  message: "Executing (default): SELECT name FROM sqlite_master WHERE type='table' AND name='entries';",
  level: 'info',
  timestamp: '2024-04-02T08:41:00.399Z'
}
{
  message: 'Executing (default): PRAGMA INDEX_LIST(`entries`)',
  level: 'info',
  timestamp: '2024-04-02T08:41:00.410Z'
}
{
  message: "Executing (default): SELECT name FROM sqlite_master WHERE type='table' AND name='users';",
  level: 'info',
  timestamp: '2024-04-02T08:41:00.412Z'
}
{
  message: 'Executing (default): PRAGMA INDEX_LIST(`users`)',
  level: 'info',
  timestamp: '2024-04-02T08:41:00.413Z'
}
{
  message: 'Ошибка в модуле авторизации: Error: WHERE parameter "email" has invalid "undefined" value',
  level: 'error',
  timestamp: '2024-04-02T08:41:00.579Z'
}
{
  message: "Executing (default): SELECT name FROM sqlite_master WHERE type='table' AND name='entries';",
  level: 'info',
  timestamp: '2024-04-02T08:41:04.739Z'
}
{
  message: 'Executing (default): PRAGMA INDEX_LIST(`entries`)',
  level: 'info',
  timestamp: '2024-04-02T08:41:04.748Z'
}
{
  message: "Executing (default): SELECT name FROM sqlite_master WHERE type='table' AND name='users';",
  level: 'info',
  timestamp: '2024-04-02T08:41:04.749Z'
}
{
  message: 'Executing (default): PRAGMA INDEX_LIST(`users`)',
  level: 'info',
  timestamp: '2024-04-02T08:41:04.751Z'
}
{
  message: 'Зашли',
  level: 'info',
  timestamp: '2024-04-02T08:41:07.164Z'
}
{
  message: 'Ошибка в модуле авторизации: Error: WHERE parameter "email" has invalid "undefined" value',
  level: 'error',
  timestamp: '2024-04-02T08:41:10.718Z'
}
{
  message: "Executing (default): SELECT name FROM sqlite_master WHERE type='table' AND name='entries';",
  level: 'info',
  timestamp: '2024-04-02T08:41:23.589Z'
}
{
  message: 'Executing (default): PRAGMA INDEX_LIST(`entries`)',
  level: 'info',
  timestamp: '2024-04-02T08:41:23.595Z'
}
{
  message: "Executing (default): SELECT name FROM sqlite_master WHERE type='table' AND name='users';",
  level: 'info',
  timestamp: '2024-04-02T08:41:23.597Z'
}
{
  message: 'Executing (default): PRAGMA INDEX_LIST(`users`)',
  level: 'info',
  timestamp: '2024-04-02T08:41:23.598Z'
}
{
  message: "Executing (default): SELECT `id`, `name`, `email`, `password`, `age` FROM `users` AS `users` WHERE `users`.`email` = 'liza@' LIMIT 1;",
  level: 'info',
  timestamp: '2024-04-02T08:41:23.799Z'
}
{
  message: 'Ошибка в модуле авторизации: Error: data and hash arguments required',
  level: 'error',
  timestamp: '2024-04-02T08:41:23.802Z'
}
{
  message: "Executing (default): SELECT name FROM sqlite_master WHERE type='table' AND name='entries';",
  level: 'info',
  timestamp: '2024-04-02T08:41:34.019Z'
}
{
  message: 'Executing (default): PRAGMA INDEX_LIST(`entries`)',
  level: 'info',
  timestamp: '2024-04-02T08:41:34.028Z'
}
{
  message: "Executing (default): SELECT name FROM sqlite_master WHERE type='table' AND name='users';",
  level: 'info',
  timestamp: '2024-04-02T08:41:34.030Z'
}
{
  message: 'Executing (default): PRAGMA INDEX_LIST(`users`)',
  level: 'info',
  timestamp: '2024-04-02T08:41:34.031Z'
}
{
  message: "Executing (default): SELECT name FROM sqlite_master WHERE type='table' AND name='entries';",
  level: 'info',
  timestamp: '2024-04-02T08:41:35.112Z'
}
{
  message: 'Executing (default): PRAGMA INDEX_LIST(`entries`)',
  level: 'info',
  timestamp: '2024-04-02T08:41:35.120Z'
}
{
  message: "Executing (default): SELECT name FROM sqlite_master WHERE type='table' AND name='users';",
  level: 'info',
  timestamp: '2024-04-02T08:41:35.122Z'
}
{
  message: 'Executing (default): PRAGMA INDEX_LIST(`users`)',
  level: 'info',
  timestamp: '2024-04-02T08:41:35.124Z'
}
{
  message: "Executing (default): SELECT name FROM sqlite_master WHERE type='table' AND name='entries';",
  level: 'info',
  timestamp: '2024-04-02T08:41:36.448Z'
}
{
  message: 'Executing (default): PRAGMA INDEX_LIST(`entries`)',
  level: 'info',
  timestamp: '2024-04-02T08:41:36.454Z'
}
{
  message: "Executing (default): SELECT name FROM sqlite_master WHERE type='table' AND name='users';",
  level: 'info',
  timestamp: '2024-04-02T08:41:36.456Z'
}
{
  message: 'Executing (default): PRAGMA INDEX_LIST(`users`)',
  level: 'info',
  timestamp: '2024-04-02T08:41:36.457Z'
}
{
  message: "Executing (default): SELECT name FROM sqlite_master WHERE type='table' AND name='entries';",
  level: 'info',
  timestamp: '2024-04-02T08:41:37.937Z'
}
{
  message: 'Executing (default): PRAGMA INDEX_LIST(`entries`)',
  level: 'info',
  timestamp: '2024-04-02T08:41:37.943Z'
}
{
  message: "Executing (default): SELECT name FROM sqlite_master WHERE type='table' AND name='users';",
  level: 'info',
  timestamp: '2024-04-02T08:41:37.944Z'
}
{
  message: 'Executing (default): PRAGMA INDEX_LIST(`users`)',
  level: 'info',
  timestamp: '2024-04-02T08:41:37.946Z'
}
{
  message: 'Executing (default): SELECT `id`, `username`, `title`, `content` FROM `entries` AS `entries`;',
  level: 'info',
  timestamp: '2024-04-02T08:41:47.084Z'
}
{
  message: 'Зашли на главную страницу',
  level: 'info',
  timestamp: '2024-04-02T08:41:47.105Z'
}
{
  message: 'Зашли',
  level: 'info',
  timestamp: '2024-04-02T08:41:47.604Z'
}
{
  message: "Executing (default): SELECT `id`, `name`, `email`, `password`, `age` FROM `users` AS `users` WHERE `users`.`email` = 'liza@' LIMIT 1;",
  level: 'info',
  timestamp: '2024-04-02T08:41:51.335Z'
}
{
  message: 'Ошибка в модуле авторизации: Error: data and hash arguments required',
  level: 'error',
  timestamp: '2024-04-02T08:41:51.337Z'
}
{
  message: "Executing (default): SELECT name FROM sqlite_master WHERE type='table' AND name='entries';",
  level: 'info',
  timestamp: '2024-04-02T08:42:04.515Z'
}
{
  message: 'Executing (default): PRAGMA INDEX_LIST(`entries`)',
  level: 'info',
  timestamp: '2024-04-02T08:42:04.522Z'
}
{
  message: "Executing (default): SELECT name FROM sqlite_master WHERE type='table' AND name='users';",
  level: 'info',
  timestamp: '2024-04-02T08:42:04.525Z'
}
{
  message: "Executing (default): SELECT `id`, `name`, `email`, `password`, `age` FROM `users` AS `users` WHERE `users`.`email` = 'liza@' LIMIT 1;",
  level: 'info',
  timestamp: '2024-04-02T08:42:04.550Z'
}
{
  message: 'Executing (default): PRAGMA INDEX_LIST(`users`)',
  level: 'info',
  timestamp: '2024-04-02T08:42:04.551Z'
}
{
  message: 'Token login  transferred successfully',
  level: 'info',
  timestamp: '2024-04-02T08:42:04.617Z'
}
{
  message: "Executing (default): SELECT `id`, `name`, `email`, `password`, `age` FROM `users` AS `users` WHERE `users`.`email` = 'liza@' LIMIT 1;",
  level: 'info',
  timestamp: '2024-04-02T08:42:04.636Z'
}
{
  message: 'Executing (default): SELECT `id`, `username`, `title`, `content` FROM `entries` AS `entries`;',
  level: 'info',
  timestamp: '2024-04-02T08:42:04.639Z'
}
{
  message: 'Зашли на главную страницу',
  level: 'info',
  timestamp: '2024-04-02T08:42:04.650Z'
}
{
  message: "Executing (default): SELECT `id`, `name`, `email`, `password`, `age` FROM `users` AS `users` WHERE `users`.`email` = 'liza@' LIMIT 1;",
  level: 'info',
  timestamp: '2024-04-02T08:42:07.977Z'
}
{
  message: 'Executing (default): SELECT `id`, `username`, `title`, `content` FROM `entries` AS `entries`;',
  level: 'info',
  timestamp: '2024-04-02T08:42:07.979Z'
}
{
  message: 'Зашли на главную страницу',
  level: 'info',
  timestamp: '2024-04-02T08:42:07.985Z'
}
{
  message: "Executing (default): SELECT `id`, `name`, `email`, `password`, `age` FROM `users` AS `users` WHERE `users`.`email` = 'liza@' LIMIT 1;",
  level: 'info',
  timestamp: '2024-04-02T08:42:09.554Z'
}
{
  message: 'Зашли',
  level: 'info',
  timestamp: '2024-04-02T08:42:09.559Z'
}
{
  message: "Executing (default): SELECT `id`, `name`, `email`, `password`, `age` FROM `users` AS `users` WHERE `users`.`email` = 'liza@' LIMIT 1;",
  level: 'info',
  timestamp: '2024-04-02T08:42:09.802Z'
}
{
  message: 'Зашли',
  level: 'info',
  timestamp: '2024-04-02T08:42:09.812Z'
}
{
  message: "Executing (default): SELECT `id`, `name`, `email`, `password`, `age` FROM `users` AS `users` WHERE `users`.`email` = 'liza@' LIMIT 1;",
  level: 'info',
  timestamp: '2024-04-02T08:42:09.990Z'
}
{
  message: 'Зашли',
  level: 'info',
  timestamp: '2024-04-02T08:42:09.999Z'
}
{
  message: "Executing (default): SELECT `id`, `name`, `email`, `password`, `age` FROM `users` AS `users` WHERE `users`.`email` = 'liza@' LIMIT 1;",
  level: 'info',
  timestamp: '2024-04-02T08:42:10.444Z'
}
{
  message: 'Зашли',
  level: 'info',
  timestamp: '2024-04-02T08:42:10.447Z'
}
{
  message: "Executing (default): SELECT `id`, `name`, `email`, `password`, `age` FROM `users` AS `users` WHERE `users`.`email` = 'liza@' LIMIT 1;",
  level: 'info',
  timestamp: '2024-04-02T08:42:10.607Z'
}
{
  message: 'Зашли',
  level: 'info',
  timestamp: '2024-04-02T08:42:10.611Z'
}
{
  message: "Executing (default): SELECT `id`, `name`, `email`, `password`, `age` FROM `users` AS `users` WHERE `users`.`email` = 'liza@' LIMIT 1;",
  level: 'info',
  timestamp: '2024-04-02T08:42:12.853Z'
}
{
  message: 'Executing (default): SELECT `id`, `username`, `title`, `content` FROM `entries` AS `entries`;',
  level: 'info',
  timestamp: '2024-04-02T08:42:12.858Z'
}
{
  message: 'Зашли на главную страницу',
  level: 'info',
  timestamp: '2024-04-02T08:42:12.863Z'
}
{
  message: "Executing (default): SELECT `id`, `name`, `email`, `password`, `age` FROM `users` AS `users` WHERE `users`.`email` = 'liza@' LIMIT 1;",
  level: 'info',
  timestamp: '2024-04-02T08:42:14.165Z'
}
{
  message: 'Executing (default): SELECT `id`, `username`, `title`, `content` FROM `entries` AS `entries`;',
  level: 'info',
  timestamp: '2024-04-02T08:42:14.168Z'
}
{
  message: 'Зашли на главную страницу',
  level: 'info',
  timestamp: '2024-04-02T08:42:14.174Z'
}
{
  message: "Executing (default): SELECT `id`, `name`, `email`, `password`, `age` FROM `users` AS `users` WHERE `users`.`email` = 'liza@' LIMIT 1;",
  level: 'info',
  timestamp: '2024-04-02T08:42:14.605Z'
}
{
  message: 'Executing (default): SELECT `id`, `username`, `title`, `content` FROM `entries` AS `entries`;',
  level: 'info',
  timestamp: '2024-04-02T08:42:14.617Z'
}
{
  message: 'Зашли на главную страницу',
  level: 'info',
  timestamp: '2024-04-02T08:42:14.621Z'
}
{
  message: 'Зашли',
  level: 'info',
  timestamp: '2024-04-02T08:42:15.246Z'
}
{
  message: "Executing (default): SELECT `id`, `name`, `email`, `password`, `age` FROM `users` AS `users` WHERE `users`.`email` = 'liza@' LIMIT 1;",
  level: 'info',
  timestamp: '2024-04-02T08:42:17.669Z'
}
{
  message: 'Token login  transferred successfully',
  level: 'info',
  timestamp: '2024-04-02T08:42:17.730Z'
}
{
  message: "Executing (default): SELECT `id`, `name`, `email`, `password`, `age` FROM `users` AS `users` WHERE `users`.`email` = 'liza@' LIMIT 1;",
  level: 'info',
  timestamp: '2024-04-02T08:42:17.738Z'
}
{
  message: 'Executing (default): SELECT `id`, `username`, `title`, `content` FROM `entries` AS `entries`;',
  level: 'info',
  timestamp: '2024-04-02T08:42:17.742Z'
}
{
  message: 'Зашли на главную страницу',
  level: 'info',
  timestamp: '2024-04-02T08:42:17.745Z'
}
